2021-11-29 09:54:20.8721|DEBUG|Demo.Program|Инициализация программы
2021-11-29 09:54:23.9668|WARN|Microsoft.EntityFrameworkCore.Model.Validation|Sensitive data logging is enabled. Log entries and exception messages may include sensitive application data; this mode should only be enabled during development.
2021-11-29 09:54:24.3132|INFO|Microsoft.EntityFrameworkCore.Database.Command|Executed DbCommand (16ms) [Parameters=[], CommandType='Text', CommandTimeout='30']
SELECT EXISTS (SELECT 1 FROM pg_catalog.pg_class c JOIN pg_catalog.pg_namespace n ON n.oid=c.relnamespace WHERE c.relname='__EFMigrationsHistory');
2021-11-29 09:54:24.3878|INFO|Microsoft.EntityFrameworkCore.Database.Command|Executed DbCommand (1ms) [Parameters=[], CommandType='Text', CommandTimeout='30']
SELECT EXISTS (SELECT 1 FROM pg_catalog.pg_class c JOIN pg_catalog.pg_namespace n ON n.oid=c.relnamespace WHERE c.relname='__EFMigrationsHistory');
2021-11-29 09:54:24.4091|INFO|Microsoft.EntityFrameworkCore.Database.Command|Executed DbCommand (2ms) [Parameters=[], CommandType='Text', CommandTimeout='30']
SELECT migration_id, product_version
FROM "__EFMigrationsHistory"
ORDER BY migration_id;
2021-11-29 09:54:24.8772|INFO|Microsoft.Hosting.Lifetime|Now listening on: https://localhost:5005
2021-11-29 09:54:24.8772|INFO|Microsoft.Hosting.Lifetime|Now listening on: http://localhost:5004
2021-11-29 09:54:24.8772|INFO|Microsoft.Hosting.Lifetime|Application started. Press Ctrl+C to shut down.
2021-11-29 09:54:24.8921|INFO|Microsoft.Hosting.Lifetime|Hosting environment: Development
2021-11-29 09:54:24.8921|INFO|Microsoft.Hosting.Lifetime|Content root path: C:\Project\DEMO
2021-11-29 09:54:27.9556|INFO|Demo.GraphQl.Query|Инициализация
2021-11-29 09:54:52.1360|INFO|Microsoft.EntityFrameworkCore.Database.Command|Executed DbCommand (6ms) [Parameters=[], CommandType='Text', CommandTimeout='30']
SELECT a.id, a.name
FROM authors.authors AS a
WHERE a.name ILIKE 'автор 4'
