2021-11-27 11:36:19.7220|DEBUG|Demo.Program|Инициализация программы
2021-11-27 11:36:22.6048|WARN|Microsoft.EntityFrameworkCore.Model.Validation|Sensitive data logging is enabled. Log entries and exception messages may include sensitive application data; this mode should only be enabled during development.
2021-11-27 11:36:22.9747|INFO|Microsoft.EntityFrameworkCore.Database.Command|Executed DbCommand (15ms) [Parameters=[], CommandType='Text', CommandTimeout='30']
SELECT EXISTS (SELECT 1 FROM pg_catalog.pg_class c JOIN pg_catalog.pg_namespace n ON n.oid=c.relnamespace WHERE c.relname='__EFMigrationsHistory');
2021-11-27 11:36:23.0336|INFO|Microsoft.EntityFrameworkCore.Database.Command|Executed DbCommand (1ms) [Parameters=[], CommandType='Text', CommandTimeout='30']
SELECT EXISTS (SELECT 1 FROM pg_catalog.pg_class c JOIN pg_catalog.pg_namespace n ON n.oid=c.relnamespace WHERE c.relname='__EFMigrationsHistory');
2021-11-27 11:36:23.0562|INFO|Microsoft.EntityFrameworkCore.Database.Command|Executed DbCommand (3ms) [Parameters=[], CommandType='Text', CommandTimeout='30']
SELECT migration_id, product_version
FROM "__EFMigrationsHistory"
ORDER BY migration_id;
2021-11-27 11:36:23.5560|INFO|Microsoft.Hosting.Lifetime|Now listening on: https://localhost:5005
2021-11-27 11:36:23.5701|INFO|Microsoft.Hosting.Lifetime|Now listening on: http://localhost:5004
2021-11-27 11:36:23.5701|INFO|Microsoft.Hosting.Lifetime|Application started. Press Ctrl+C to shut down.
2021-11-27 11:36:23.5820|INFO|Microsoft.Hosting.Lifetime|Hosting environment: Development
2021-11-27 11:36:23.5820|INFO|Microsoft.Hosting.Lifetime|Content root path: C:\Project\DEMO
2021-11-27 11:36:26.6372|INFO|Demo.GraphQl.Query|Инициализация
2021-11-27 12:58:25.9957|INFO|Microsoft.EntityFrameworkCore.Database.Command|Executed DbCommand (9ms) [Parameters=[@p0='Новый автор'], CommandType='Text', CommandTimeout='30']
INSERT INTO authors.authors (name)
VALUES (@p0)
RETURNING id;
