2021-11-22 15:07:20.4635|DEBUG|Demo.Program|Инициализация программы
2021-11-22 15:07:23.4866|WARN|Microsoft.EntityFrameworkCore.Model.Validation|Sensitive data logging is enabled. Log entries and exception messages may include sensitive application data; this mode should only be enabled during development.
2021-11-22 15:07:23.8114|INFO|Microsoft.EntityFrameworkCore.Database.Command|Executed DbCommand (15ms) [Parameters=[], CommandType='Text', CommandTimeout='30']
SELECT EXISTS (SELECT 1 FROM pg_catalog.pg_class c JOIN pg_catalog.pg_namespace n ON n.oid=c.relnamespace WHERE c.relname='__EFMigrationsHistory');
2021-11-22 15:07:23.8730|INFO|Microsoft.EntityFrameworkCore.Database.Command|Executed DbCommand (1ms) [Parameters=[], CommandType='Text', CommandTimeout='30']
SELECT EXISTS (SELECT 1 FROM pg_catalog.pg_class c JOIN pg_catalog.pg_namespace n ON n.oid=c.relnamespace WHERE c.relname='__EFMigrationsHistory');
2021-11-22 15:07:23.9034|INFO|Microsoft.EntityFrameworkCore.Database.Command|Executed DbCommand (2ms) [Parameters=[], CommandType='Text', CommandTimeout='30']
SELECT migration_id, product_version
FROM "__EFMigrationsHistory"
ORDER BY migration_id;
2021-11-22 15:07:24.3815|INFO|Microsoft.Hosting.Lifetime|Now listening on: https://localhost:5005
2021-11-22 15:07:24.3949|INFO|Microsoft.Hosting.Lifetime|Now listening on: http://localhost:5004
2021-11-22 15:07:24.3949|INFO|Microsoft.Hosting.Lifetime|Application started. Press Ctrl+C to shut down.
2021-11-22 15:07:24.3949|INFO|Microsoft.Hosting.Lifetime|Hosting environment: Development
2021-11-22 15:07:24.3949|INFO|Microsoft.Hosting.Lifetime|Content root path: C:\Project\DEMO
2021-11-22 15:07:27.9714|INFO|Demo.GraphQl.Query|Инициализация
2021-11-22 15:12:00.8493|INFO|Microsoft.EntityFrameworkCore.Database.Command|Executed DbCommand (3ms) [Parameters=[], CommandType='Text', CommandTimeout='30']
SELECT COUNT(*)::INT
FROM authors.authors AS a
2021-11-22 15:12:00.8863|WARN|Microsoft.EntityFrameworkCore.Query|The query uses a row limiting operator ('Skip'/'Take') without an 'OrderBy' operator. This may lead to unpredictable results.
2021-11-22 15:12:00.9376|INFO|Microsoft.EntityFrameworkCore.Database.Command|Executed DbCommand (12ms) [Parameters=[@__p_0='101'], CommandType='Text', CommandTimeout='30']
SELECT a.id AS "Id", a.name AS "Name"
FROM authors.authors AS a
LIMIT @__p_0
2021-11-22 15:13:17.6435|INFO|Microsoft.EntityFrameworkCore.Database.Command|Executed DbCommand (1ms) [Parameters=[], CommandType='Text', CommandTimeout='30']
SELECT COUNT(*)::INT
FROM authors.authors AS a
2021-11-22 15:13:17.7130|WARN|Microsoft.EntityFrameworkCore.Query|The query uses a row limiting operator ('Skip'/'Take') without an 'OrderBy' operator. This may lead to unpredictable results.
2021-11-22 15:13:17.7130|WARN|Microsoft.EntityFrameworkCore.Query|The query uses a row limiting operator ('Skip'/'Take') without an 'OrderBy' operator. This may lead to unpredictable results.
2021-11-22 15:13:17.7309|INFO|Microsoft.EntityFrameworkCore.Database.Command|Executed DbCommand (1ms) [Parameters=[@__p_1='101', @__p_0='100'], CommandType='Text', CommandTimeout='30']
SELECT a.id AS "Id", a.name AS "Name"
FROM authors.authors AS a
LIMIT @__p_1 OFFSET @__p_0
2021-11-22 15:13:50.5254|INFO|Microsoft.EntityFrameworkCore.Database.Command|Executed DbCommand (0ms) [Parameters=[], CommandType='Text', CommandTimeout='30']
SELECT COUNT(*)::INT
FROM authors.authors AS a
2021-11-22 15:13:50.5461|INFO|Microsoft.EntityFrameworkCore.Database.Command|Executed DbCommand (1ms) [Parameters=[@__p_1='101', @__p_0='100'], CommandType='Text', CommandTimeout='30']
SELECT a.id AS "Id", a.name AS "Name"
FROM authors.authors AS a
ORDER BY a.name DESC
LIMIT @__p_1 OFFSET @__p_0
2021-11-22 15:18:00.6322|INFO|Microsoft.EntityFrameworkCore.Database.Command|Executed DbCommand (1ms) [Parameters=[], CommandType='Text', CommandTimeout='30']
SELECT COUNT(*)::INT
FROM authors.authors AS a
2021-11-22 15:18:00.6462|INFO|Microsoft.EntityFrameworkCore.Database.Command|Executed DbCommand (7ms) [Parameters=[@__p_0='101'], CommandType='Text', CommandTimeout='30']
SELECT a.id AS "Id", a.name AS "Name"
FROM authors.authors AS a
LIMIT @__p_0
2021-11-22 15:19:09.5177|INFO|Microsoft.EntityFrameworkCore.Database.Command|Executed DbCommand (1ms) [Parameters=[], CommandType='Text', CommandTimeout='30']
SELECT COUNT(*)::INT
FROM authors.authors AS a
2021-11-22 15:19:09.5776|INFO|Microsoft.EntityFrameworkCore.Database.Command|Executed DbCommand (1ms) [Parameters=[@__p_1='101', @__p_0='100'], CommandType='Text', CommandTimeout='30']
SELECT a.id AS "Id", a.name AS "Name"
FROM authors.authors AS a
LIMIT @__p_1 OFFSET @__p_0
2021-11-22 15:19:50.0469|INFO|Microsoft.EntityFrameworkCore.Database.Command|Executed DbCommand (1ms) [Parameters=[], CommandType='Text', CommandTimeout='30']
SELECT COUNT(*)::INT
FROM authors.authors AS a
2021-11-22 15:19:50.0549|INFO|Microsoft.EntityFrameworkCore.Database.Command|Executed DbCommand (1ms) [Parameters=[@__p_1='101', @__p_0='100'], CommandType='Text', CommandTimeout='30']
SELECT a.id AS "Id", a.name AS "Name"
FROM authors.authors AS a
ORDER BY a.name DESC
LIMIT @__p_1 OFFSET @__p_0
2021-11-22 15:21:25.2721|INFO|Microsoft.EntityFrameworkCore.Database.Command|Executed DbCommand (1ms) [Parameters=[], CommandType='Text', CommandTimeout='30']
SELECT COUNT(*)::INT
FROM authors.authors AS a
2021-11-22 15:21:25.2867|INFO|Microsoft.EntityFrameworkCore.Database.Command|Executed DbCommand (8ms) [Parameters=[@__p_1='11', @__p_0='100'], CommandType='Text', CommandTimeout='30']
SELECT a.id AS "Id", a.name AS "Name"
FROM authors.authors AS a
ORDER BY a.name DESC
LIMIT @__p_1 OFFSET @__p_0
2021-11-22 15:26:13.4686|INFO|Microsoft.EntityFrameworkCore.Database.Command|Executed DbCommand (1ms) [Parameters=[], CommandType='Text', CommandTimeout='30']
SELECT COUNT(*)::INT
FROM authors.authors AS a
2021-11-22 15:26:13.6105|INFO|Microsoft.EntityFrameworkCore.Database.Command|Executed DbCommand (1ms) [Parameters=[@__p_0='11'], CommandType='Text', CommandTimeout='30']
SELECT a.id, a.name
FROM authors.authors AS a
ORDER BY a.name, a.id
LIMIT @__p_0
2021-11-22 15:26:35.6033|INFO|Microsoft.EntityFrameworkCore.Database.Command|Executed DbCommand (1ms) [Parameters=[], CommandType='Text', CommandTimeout='30']
SELECT COUNT(*)::INT
FROM authors.authors AS a
2021-11-22 15:26:35.6564|INFO|Microsoft.EntityFrameworkCore.Database.Command|Executed DbCommand (2ms) [Parameters=[@__name_0='Автор 107', @__id_1='107', @__p_2='11'], CommandType='Text', CommandTimeout='30']
SELECT a.id, a.name
FROM authors.authors AS a
WHERE (a.name > @__name_0) OR ((a.name = @__name_0) AND (a.id > @__id_1))
ORDER BY a.name, a.id
LIMIT @__p_2
