2021-12-01 16:48:59.8956|DEBUG|Demo.Program|Инициализация программы
2021-12-01 16:49:02.8364|WARN|Microsoft.EntityFrameworkCore.Model.Validation|Sensitive data logging is enabled. Log entries and exception messages may include sensitive application data; this mode should only be enabled during development.
2021-12-01 16:49:03.1698|INFO|Microsoft.EntityFrameworkCore.Database.Command|Executed DbCommand (15ms) [Parameters=[], CommandType='Text', CommandTimeout='30']
SELECT EXISTS (SELECT 1 FROM pg_catalog.pg_class c JOIN pg_catalog.pg_namespace n ON n.oid=c.relnamespace WHERE c.relname='__EFMigrationsHistory');
2021-12-01 16:49:03.2315|INFO|Microsoft.EntityFrameworkCore.Database.Command|Executed DbCommand (1ms) [Parameters=[], CommandType='Text', CommandTimeout='30']
SELECT EXISTS (SELECT 1 FROM pg_catalog.pg_class c JOIN pg_catalog.pg_namespace n ON n.oid=c.relnamespace WHERE c.relname='__EFMigrationsHistory');
2021-12-01 16:49:03.2527|INFO|Microsoft.EntityFrameworkCore.Database.Command|Executed DbCommand (2ms) [Parameters=[], CommandType='Text', CommandTimeout='30']
SELECT migration_id, product_version
FROM "__EFMigrationsHistory"
ORDER BY migration_id;
2021-12-01 16:49:03.6743|INFO|Microsoft.Hosting.Lifetime|Now listening on: https://localhost:5005
2021-12-01 16:49:03.6806|INFO|Microsoft.Hosting.Lifetime|Now listening on: http://localhost:5004
2021-12-01 16:49:03.6806|INFO|Microsoft.Hosting.Lifetime|Application started. Press Ctrl+C to shut down.
2021-12-01 16:49:03.6806|INFO|Microsoft.Hosting.Lifetime|Hosting environment: Development
2021-12-01 16:49:03.6963|INFO|Microsoft.Hosting.Lifetime|Content root path: C:\Project\DEMO
2021-12-01 16:49:06.6671|INFO|Demo.GraphQl.Query|Инициализация
2021-12-01 16:49:15.3928|INFO|Microsoft.EntityFrameworkCore.Database.Command|Executed DbCommand (4ms) [Parameters=[], CommandType='Text', CommandTimeout='30']
SELECT a.id, a.name
FROM authors.authors AS a
WHERE lower(a.name) = 'автор 4'
2021-12-01 16:49:15.5869|INFO|Microsoft.EntityFrameworkCore.Database.Command|Executed DbCommand (18ms) [Parameters=[@__p_0='1'], CommandType='Text', CommandTimeout='30']
SELECT a.id, a.name, b.id, b.title, b.description, b.image_url, b.isbn_10, b.isbn_13
FROM authors.authors AS a
LEFT JOIN authors.books AS b ON a.id = b.author_id
WHERE a.id = @__p_0
ORDER BY a.id, b.id
