2022-01-10 09:22:06.5436|DEBUG|Demo.Program|Инициализация программы
2022-01-10 09:22:11.6131|WARN|Microsoft.EntityFrameworkCore.Model.Validation|Sensitive data logging is enabled. Log entries and exception messages may include sensitive application data; this mode should only be enabled during development.
2022-01-10 09:22:11.9407|INFO|Microsoft.EntityFrameworkCore.Database.Command|Executed DbCommand (16ms) [Parameters=[], CommandType='Text', CommandTimeout='30']
SELECT EXISTS (SELECT 1 FROM pg_catalog.pg_class c JOIN pg_catalog.pg_namespace n ON n.oid=c.relnamespace WHERE c.relname='__EFMigrationsHistory');
2022-01-10 09:22:11.9994|INFO|Microsoft.EntityFrameworkCore.Database.Command|Executed DbCommand (1ms) [Parameters=[], CommandType='Text', CommandTimeout='30']
SELECT EXISTS (SELECT 1 FROM pg_catalog.pg_class c JOIN pg_catalog.pg_namespace n ON n.oid=c.relnamespace WHERE c.relname='__EFMigrationsHistory');
2022-01-10 09:22:12.0205|INFO|Microsoft.EntityFrameworkCore.Database.Command|Executed DbCommand (2ms) [Parameters=[], CommandType='Text', CommandTimeout='30']
SELECT migration_id, product_version
FROM "__EFMigrationsHistory"
ORDER BY migration_id;
2022-01-10 09:22:12.8421|INFO|Microsoft.Hosting.Lifetime|Now listening on: https://localhost:5005
2022-01-10 09:22:12.8421|INFO|Microsoft.Hosting.Lifetime|Now listening on: http://localhost:5004
2022-01-10 09:22:12.8497|INFO|Microsoft.Hosting.Lifetime|Application started. Press Ctrl+C to shut down.
2022-01-10 09:22:12.8497|INFO|Microsoft.Hosting.Lifetime|Hosting environment: Development
2022-01-10 09:22:12.8497|INFO|Microsoft.Hosting.Lifetime|Content root path: C:\Project\DEMO
2022-01-10 09:22:16.8919|INFO|Demo.GraphQl.Query|Инициализация
2022-01-10 09:23:22.5561|WARN|Microsoft.EntityFrameworkCore.Query|Compiling a query which loads related collections for more than one collection navigation either via 'Include' or through projection but no 'QuerySplittingBehavior' has been configured. By default Entity Framework will use 'QuerySplittingBehavior.SingleQuery' which can potentially result in slow query performance. See https://go.microsoft.com/fwlink/?linkid=2134277 for more information. To identify the query that's triggering this warning call 'ConfigureWarnings(w => w.Throw(RelationalEventId.MultipleCollectionIncludeWarning))'
2022-01-10 09:23:22.6953|INFO|Microsoft.EntityFrameworkCore.Database.Command|Executed DbCommand (18ms) [Parameters=[], CommandType='Text', CommandTimeout='30']
SELECT a.id, a.name, b.id, b.author_id, b.description, b.isbn_10, b.isbn_13, b.image_url, b.title, t.author_id, t.publisher_id, t.id, t.name
FROM authors.authors AS a
LEFT JOIN authors.books AS b ON a.id = b.author_id
LEFT JOIN (
    SELECT p.author_id, p.publisher_id, p0.id, p0.name
    FROM authors.publishers_authors AS p
    INNER JOIN authors.publishers AS p0 ON p.publisher_id = p0.id
) AS t ON a.id = t.author_id
ORDER BY a.id, b.id, t.author_id, t.publisher_id, t.id
2022-01-10 09:23:28.2638|INFO|Microsoft.EntityFrameworkCore.Database.Command|Executed DbCommand (3ms) [Parameters=[], CommandType='Text', CommandTimeout='30']
SELECT a.id, a.name, b.id, b.author_id, b.description, b.isbn_10, b.isbn_13, b.image_url, b.title, t.author_id, t.publisher_id, t.id, t.name
FROM authors.authors AS a
LEFT JOIN authors.books AS b ON a.id = b.author_id
LEFT JOIN (
    SELECT p.author_id, p.publisher_id, p0.id, p0.name
    FROM authors.publishers_authors AS p
    INNER JOIN authors.publishers AS p0 ON p.publisher_id = p0.id
) AS t ON a.id = t.author_id
ORDER BY a.id, b.id, t.author_id, t.publisher_id, t.id
2022-01-10 09:23:32.0060|INFO|Microsoft.EntityFrameworkCore.Database.Command|Executed DbCommand (12ms) [Parameters=[], CommandType='Text', CommandTimeout='30']
SELECT a.id, a.name, b.id, b.author_id, b.description, b.isbn_10, b.isbn_13, b.image_url, b.title, t.author_id, t.publisher_id, t.id, t.name
FROM authors.authors AS a
LEFT JOIN authors.books AS b ON a.id = b.author_id
LEFT JOIN (
    SELECT p.author_id, p.publisher_id, p0.id, p0.name
    FROM authors.publishers_authors AS p
    INNER JOIN authors.publishers AS p0 ON p.publisher_id = p0.id
) AS t ON a.id = t.author_id
ORDER BY a.id, b.id, t.author_id, t.publisher_id, t.id
2022-01-10 09:23:50.7030|INFO|Microsoft.EntityFrameworkCore.Database.Command|Executed DbCommand (13ms) [Parameters=[], CommandType='Text', CommandTimeout='30']
SELECT a.id, a.name, b.id, b.author_id, b.description, b.isbn_10, b.isbn_13, b.image_url, b.title, t.author_id, t.publisher_id, t.id, t.name
FROM authors.authors AS a
LEFT JOIN authors.books AS b ON a.id = b.author_id
LEFT JOIN (
    SELECT p.author_id, p.publisher_id, p0.id, p0.name
    FROM authors.publishers_authors AS p
    INNER JOIN authors.publishers AS p0 ON p.publisher_id = p0.id
) AS t ON a.id = t.author_id
ORDER BY a.id, b.id, t.author_id, t.publisher_id, t.id
2022-01-10 09:25:14.2224|INFO|Microsoft.EntityFrameworkCore.Database.Command|Executed DbCommand (14ms) [Parameters=[], CommandType='Text', CommandTimeout='30']
SELECT a.id, a.name, b.id, b.author_id, b.description, b.isbn_10, b.isbn_13, b.image_url, b.title, t.author_id, t.publisher_id, t.id, t.name
FROM authors.authors AS a
LEFT JOIN authors.books AS b ON a.id = b.author_id
LEFT JOIN (
    SELECT p.author_id, p.publisher_id, p0.id, p0.name
    FROM authors.publishers_authors AS p
    INNER JOIN authors.publishers AS p0 ON p.publisher_id = p0.id
) AS t ON a.id = t.author_id
ORDER BY a.id, b.id, t.author_id, t.publisher_id, t.id
2022-01-10 09:25:17.3355|INFO|Microsoft.EntityFrameworkCore.Database.Command|Executed DbCommand (14ms) [Parameters=[], CommandType='Text', CommandTimeout='30']
SELECT a.id, a.name, b.id, b.author_id, b.description, b.isbn_10, b.isbn_13, b.image_url, b.title, t.author_id, t.publisher_id, t.id, t.name
FROM authors.authors AS a
LEFT JOIN authors.books AS b ON a.id = b.author_id
LEFT JOIN (
    SELECT p.author_id, p.publisher_id, p0.id, p0.name
    FROM authors.publishers_authors AS p
    INNER JOIN authors.publishers AS p0 ON p.publisher_id = p0.id
) AS t ON a.id = t.author_id
ORDER BY a.id, b.id, t.author_id, t.publisher_id, t.id
2022-01-10 09:25:39.9816|INFO|Microsoft.EntityFrameworkCore.Database.Command|Executed DbCommand (2ms) [Parameters=[], CommandType='Text', CommandTimeout='30']
SELECT a.id, a.name, b.id, b.author_id, b.description, b.isbn_10, b.isbn_13, b.image_url, b.title, t.author_id, t.publisher_id, t.id, t.name
FROM authors.authors AS a
LEFT JOIN authors.books AS b ON a.id = b.author_id
LEFT JOIN (
    SELECT p.author_id, p.publisher_id, p0.id, p0.name
    FROM authors.publishers_authors AS p
    INNER JOIN authors.publishers AS p0 ON p.publisher_id = p0.id
) AS t ON a.id = t.author_id
ORDER BY a.id, b.id, t.author_id, t.publisher_id, t.id
2022-01-10 09:25:40.1504|INFO|Microsoft.EntityFrameworkCore.Database.Command|Executed DbCommand (11ms) [Parameters=[], CommandType='Text', CommandTimeout='30']
SELECT a.id, a.name, b.id, b.author_id, b.description, b.isbn_10, b.isbn_13, b.image_url, b.title, t.author_id, t.publisher_id, t.id, t.name
FROM authors.authors AS a
LEFT JOIN authors.books AS b ON a.id = b.author_id
LEFT JOIN (
    SELECT p.author_id, p.publisher_id, p0.id, p0.name
    FROM authors.publishers_authors AS p
    INNER JOIN authors.publishers AS p0 ON p.publisher_id = p0.id
) AS t ON a.id = t.author_id
ORDER BY a.id, b.id, t.author_id, t.publisher_id, t.id
2022-01-10 09:26:16.5961|INFO|Microsoft.EntityFrameworkCore.Database.Command|Executed DbCommand (2ms) [Parameters=[], CommandType='Text', CommandTimeout='30']
SELECT a.id, a.name, b.id, b.author_id, b.description, b.isbn_10, b.isbn_13, b.image_url, b.title, t.author_id, t.publisher_id, t.id, t.name
FROM authors.authors AS a
LEFT JOIN authors.books AS b ON a.id = b.author_id
LEFT JOIN (
    SELECT p.author_id, p.publisher_id, p0.id, p0.name
    FROM authors.publishers_authors AS p
    INNER JOIN authors.publishers AS p0 ON p.publisher_id = p0.id
) AS t ON a.id = t.author_id
ORDER BY a.id, b.id, t.author_id, t.publisher_id, t.id
2022-01-10 09:26:16.7256|INFO|Microsoft.EntityFrameworkCore.Database.Command|Executed DbCommand (1ms) [Parameters=[], CommandType='Text', CommandTimeout='30']
SELECT a.id, a.name, b.id, b.author_id, b.description, b.isbn_10, b.isbn_13, b.image_url, b.title, t.author_id, t.publisher_id, t.id, t.name
FROM authors.authors AS a
LEFT JOIN authors.books AS b ON a.id = b.author_id
LEFT JOIN (
    SELECT p.author_id, p.publisher_id, p0.id, p0.name
    FROM authors.publishers_authors AS p
    INNER JOIN authors.publishers AS p0 ON p.publisher_id = p0.id
) AS t ON a.id = t.author_id
ORDER BY a.id, b.id, t.author_id, t.publisher_id, t.id
2022-01-10 09:27:01.4107|INFO|Microsoft.EntityFrameworkCore.Database.Command|Executed DbCommand (16ms) [Parameters=[], CommandType='Text', CommandTimeout='30']
SELECT a.id, a.name, b.id, b.author_id, b.description, b.isbn_10, b.isbn_13, b.image_url, b.title, t.author_id, t.publisher_id, t.id, t.name
FROM authors.authors AS a
LEFT JOIN authors.books AS b ON a.id = b.author_id
LEFT JOIN (
    SELECT p.author_id, p.publisher_id, p0.id, p0.name
    FROM authors.publishers_authors AS p
    INNER JOIN authors.publishers AS p0 ON p.publisher_id = p0.id
) AS t ON a.id = t.author_id
ORDER BY a.id, b.id, t.author_id, t.publisher_id, t.id
2022-01-10 09:27:03.9639|INFO|Microsoft.EntityFrameworkCore.Database.Command|Executed DbCommand (3ms) [Parameters=[], CommandType='Text', CommandTimeout='30']
SELECT a.id, a.name, b.id, b.author_id, b.description, b.isbn_10, b.isbn_13, b.image_url, b.title, t.author_id, t.publisher_id, t.id, t.name
FROM authors.authors AS a
LEFT JOIN authors.books AS b ON a.id = b.author_id
LEFT JOIN (
    SELECT p.author_id, p.publisher_id, p0.id, p0.name
    FROM authors.publishers_authors AS p
    INNER JOIN authors.publishers AS p0 ON p.publisher_id = p0.id
) AS t ON a.id = t.author_id
ORDER BY a.id, b.id, t.author_id, t.publisher_id, t.id
2022-01-10 09:39:25.2431|INFO|Microsoft.EntityFrameworkCore.Database.Command|Executed DbCommand (2ms) [Parameters=[], CommandType='Text', CommandTimeout='30']
SELECT a.id, a.name, b.id, b.author_id, b.description, b.isbn_10, b.isbn_13, b.image_url, b.title, t.author_id, t.publisher_id, t.id, t.name
FROM authors.authors AS a
LEFT JOIN authors.books AS b ON a.id = b.author_id
LEFT JOIN (
    SELECT p.author_id, p.publisher_id, p0.id, p0.name
    FROM authors.publishers_authors AS p
    INNER JOIN authors.publishers AS p0 ON p.publisher_id = p0.id
) AS t ON a.id = t.author_id
ORDER BY a.id, b.id, t.author_id, t.publisher_id, t.id
2022-01-10 09:40:11.2917|INFO|Microsoft.EntityFrameworkCore.Database.Command|Executed DbCommand (11ms) [Parameters=[], CommandType='Text', CommandTimeout='30']
SELECT a.id, a.name, b.id, b.author_id, b.description, b.isbn_10, b.isbn_13, b.image_url, b.title, t.author_id, t.publisher_id, t.id, t.name
FROM authors.authors AS a
LEFT JOIN authors.books AS b ON a.id = b.author_id
LEFT JOIN (
    SELECT p.author_id, p.publisher_id, p0.id, p0.name
    FROM authors.publishers_authors AS p
    INNER JOIN authors.publishers AS p0 ON p.publisher_id = p0.id
) AS t ON a.id = t.author_id
ORDER BY a.id, b.id, t.author_id, t.publisher_id, t.id
2022-01-10 09:40:35.1454|INFO|Microsoft.EntityFrameworkCore.Database.Command|Executed DbCommand (15ms) [Parameters=[], CommandType='Text', CommandTimeout='30']
SELECT a.id, a.name, b.id, b.author_id, b.description, b.isbn_10, b.isbn_13, b.image_url, b.title, t.author_id, t.publisher_id, t.id, t.name
FROM authors.authors AS a
LEFT JOIN authors.books AS b ON a.id = b.author_id
LEFT JOIN (
    SELECT p.author_id, p.publisher_id, p0.id, p0.name
    FROM authors.publishers_authors AS p
    INNER JOIN authors.publishers AS p0 ON p.publisher_id = p0.id
) AS t ON a.id = t.author_id
ORDER BY a.id, b.id, t.author_id, t.publisher_id, t.id
2022-01-10 09:40:41.4450|INFO|Microsoft.EntityFrameworkCore.Database.Command|Executed DbCommand (10ms) [Parameters=[], CommandType='Text', CommandTimeout='30']
SELECT a.id, a.name, b.id, b.author_id, b.description, b.isbn_10, b.isbn_13, b.image_url, b.title, t.author_id, t.publisher_id, t.id, t.name
FROM authors.authors AS a
LEFT JOIN authors.books AS b ON a.id = b.author_id
LEFT JOIN (
    SELECT p.author_id, p.publisher_id, p0.id, p0.name
    FROM authors.publishers_authors AS p
    INNER JOIN authors.publishers AS p0 ON p.publisher_id = p0.id
) AS t ON a.id = t.author_id
ORDER BY a.id, b.id, t.author_id, t.publisher_id, t.id
2022-01-10 09:41:32.2839|INFO|Microsoft.EntityFrameworkCore.Database.Command|Executed DbCommand (2ms) [Parameters=[], CommandType='Text', CommandTimeout='30']
SELECT a.id, a.name, b.id, b.author_id, b.description, b.isbn_10, b.isbn_13, b.image_url, b.title, t.author_id, t.publisher_id, t.id, t.name
FROM authors.authors AS a
LEFT JOIN authors.books AS b ON a.id = b.author_id
LEFT JOIN (
    SELECT p.author_id, p.publisher_id, p0.id, p0.name
    FROM authors.publishers_authors AS p
    INNER JOIN authors.publishers AS p0 ON p.publisher_id = p0.id
) AS t ON a.id = t.author_id
ORDER BY a.id, b.id, t.author_id, t.publisher_id, t.id
2022-01-10 10:15:27.8058|INFO|Microsoft.EntityFrameworkCore.Database.Command|Executed DbCommand (2ms) [Parameters=[], CommandType='Text', CommandTimeout='30']
SELECT a.id, a.name, b.id, b.author_id, b.description, b.isbn_10, b.isbn_13, b.image_url, b.title, t.author_id, t.publisher_id, t.id, t.name
FROM authors.authors AS a
LEFT JOIN authors.books AS b ON a.id = b.author_id
LEFT JOIN (
    SELECT p.author_id, p.publisher_id, p0.id, p0.name
    FROM authors.publishers_authors AS p
    INNER JOIN authors.publishers AS p0 ON p.publisher_id = p0.id
) AS t ON a.id = t.author_id
ORDER BY a.id, b.id, t.author_id, t.publisher_id, t.id
2022-01-10 10:16:10.4714|INFO|Microsoft.EntityFrameworkCore.Database.Command|Executed DbCommand (2ms) [Parameters=[], CommandType='Text', CommandTimeout='30']
SELECT a.id, a.name, b.id, b.author_id, b.description, b.isbn_10, b.isbn_13, b.image_url, b.title, t.author_id, t.publisher_id, t.id, t.name
FROM authors.authors AS a
LEFT JOIN authors.books AS b ON a.id = b.author_id
LEFT JOIN (
    SELECT p.author_id, p.publisher_id, p0.id, p0.name
    FROM authors.publishers_authors AS p
    INNER JOIN authors.publishers AS p0 ON p.publisher_id = p0.id
) AS t ON a.id = t.author_id
ORDER BY a.id, b.id, t.author_id, t.publisher_id, t.id
2022-01-10 10:18:05.4044|INFO|Microsoft.EntityFrameworkCore.Database.Command|Executed DbCommand (3ms) [Parameters=[], CommandType='Text', CommandTimeout='30']
SELECT a.id, a.name, b.id, b.author_id, b.description, b.isbn_10, b.isbn_13, b.image_url, b.title, t.author_id, t.publisher_id, t.id, t.name
FROM authors.authors AS a
LEFT JOIN authors.books AS b ON a.id = b.author_id
LEFT JOIN (
    SELECT p.author_id, p.publisher_id, p0.id, p0.name
    FROM authors.publishers_authors AS p
    INNER JOIN authors.publishers AS p0 ON p.publisher_id = p0.id
) AS t ON a.id = t.author_id
ORDER BY a.id, b.id, t.author_id, t.publisher_id, t.id
2022-01-10 10:19:51.0908|INFO|Microsoft.EntityFrameworkCore.Database.Command|Executed DbCommand (3ms) [Parameters=[], CommandType='Text', CommandTimeout='30']
SELECT a.id, a.name, b.id, b.author_id, b.description, b.isbn_10, b.isbn_13, b.image_url, b.title, t.author_id, t.publisher_id, t.id, t.name
FROM authors.authors AS a
LEFT JOIN authors.books AS b ON a.id = b.author_id
LEFT JOIN (
    SELECT p.author_id, p.publisher_id, p0.id, p0.name
    FROM authors.publishers_authors AS p
    INNER JOIN authors.publishers AS p0 ON p.publisher_id = p0.id
) AS t ON a.id = t.author_id
ORDER BY a.id, b.id, t.author_id, t.publisher_id, t.id
2022-01-10 10:21:01.5346|INFO|Microsoft.EntityFrameworkCore.Database.Command|Executed DbCommand (2ms) [Parameters=[], CommandType='Text', CommandTimeout='30']
SELECT a.id, a.name, b.id, b.author_id, b.description, b.isbn_10, b.isbn_13, b.image_url, b.title, t.author_id, t.publisher_id, t.id, t.name
FROM authors.authors AS a
LEFT JOIN authors.books AS b ON a.id = b.author_id
LEFT JOIN (
    SELECT p.author_id, p.publisher_id, p0.id, p0.name
    FROM authors.publishers_authors AS p
    INNER JOIN authors.publishers AS p0 ON p.publisher_id = p0.id
) AS t ON a.id = t.author_id
ORDER BY a.id, b.id, t.author_id, t.publisher_id, t.id
2022-01-10 13:30:09.4203|INFO|Microsoft.EntityFrameworkCore.Database.Command|Executed DbCommand (2ms) [Parameters=[], CommandType='Text', CommandTimeout='30']
SELECT a.id, a.name, b.id, b.author_id, b.description, b.isbn_10, b.isbn_13, b.image_url, b.title, t.author_id, t.publisher_id, t.id, t.name
FROM authors.authors AS a
LEFT JOIN authors.books AS b ON a.id = b.author_id
LEFT JOIN (
    SELECT p.author_id, p.publisher_id, p0.id, p0.name
    FROM authors.publishers_authors AS p
    INNER JOIN authors.publishers AS p0 ON p.publisher_id = p0.id
) AS t ON a.id = t.author_id
ORDER BY a.id, b.id, t.author_id, t.publisher_id, t.id
2022-01-10 13:43:42.7562|INFO|Microsoft.EntityFrameworkCore.Database.Command|Executed DbCommand (11ms) [Parameters=[], CommandType='Text', CommandTimeout='30']
SELECT a.id, a.name, b.id, b.author_id, b.description, b.isbn_10, b.isbn_13, b.image_url, b.title, t.author_id, t.publisher_id, t.id, t.name
FROM authors.authors AS a
LEFT JOIN authors.books AS b ON a.id = b.author_id
LEFT JOIN (
    SELECT p.author_id, p.publisher_id, p0.id, p0.name
    FROM authors.publishers_authors AS p
    INNER JOIN authors.publishers AS p0 ON p.publisher_id = p0.id
) AS t ON a.id = t.author_id
ORDER BY a.id, b.id, t.author_id, t.publisher_id, t.id
2022-01-10 13:51:34.8349|INFO|Microsoft.EntityFrameworkCore.Database.Command|Executed DbCommand (14ms) [Parameters=[], CommandType='Text', CommandTimeout='30']
SELECT a.id, a.name, b.id, b.author_id, b.description, b.isbn_10, b.isbn_13, b.image_url, b.title, t.author_id, t.publisher_id, t.id, t.name
FROM authors.authors AS a
LEFT JOIN authors.books AS b ON a.id = b.author_id
LEFT JOIN (
    SELECT p.author_id, p.publisher_id, p0.id, p0.name
    FROM authors.publishers_authors AS p
    INNER JOIN authors.publishers AS p0 ON p.publisher_id = p0.id
) AS t ON a.id = t.author_id
ORDER BY a.id, b.id, t.author_id, t.publisher_id, t.id
2022-01-10 13:55:58.1224|INFO|Microsoft.EntityFrameworkCore.Database.Command|Executed DbCommand (2ms) [Parameters=[], CommandType='Text', CommandTimeout='30']
SELECT a.id, a.name, b.id, b.author_id, b.description, b.isbn_10, b.isbn_13, b.image_url, b.title, t.author_id, t.publisher_id, t.id, t.name
FROM authors.authors AS a
LEFT JOIN authors.books AS b ON a.id = b.author_id
LEFT JOIN (
    SELECT p.author_id, p.publisher_id, p0.id, p0.name
    FROM authors.publishers_authors AS p
    INNER JOIN authors.publishers AS p0 ON p.publisher_id = p0.id
) AS t ON a.id = t.author_id
ORDER BY a.id, b.id, t.author_id, t.publisher_id, t.id
2022-01-10 13:59:58.7728|INFO|Microsoft.EntityFrameworkCore.Database.Command|Executed DbCommand (2ms) [Parameters=[], CommandType='Text', CommandTimeout='30']
SELECT a.id, a.name, b.id, b.author_id, b.description, b.isbn_10, b.isbn_13, b.image_url, b.title, t.author_id, t.publisher_id, t.id, t.name
FROM authors.authors AS a
LEFT JOIN authors.books AS b ON a.id = b.author_id
LEFT JOIN (
    SELECT p.author_id, p.publisher_id, p0.id, p0.name
    FROM authors.publishers_authors AS p
    INNER JOIN authors.publishers AS p0 ON p.publisher_id = p0.id
) AS t ON a.id = t.author_id
ORDER BY a.id, b.id, t.author_id, t.publisher_id, t.id
2022-01-10 14:01:37.4015|INFO|Microsoft.EntityFrameworkCore.Database.Command|Executed DbCommand (11ms) [Parameters=[], CommandType='Text', CommandTimeout='30']
SELECT a.id, a.name, b.id, b.author_id, b.description, b.isbn_10, b.isbn_13, b.image_url, b.title, t.author_id, t.publisher_id, t.id, t.name
FROM authors.authors AS a
LEFT JOIN authors.books AS b ON a.id = b.author_id
LEFT JOIN (
    SELECT p.author_id, p.publisher_id, p0.id, p0.name
    FROM authors.publishers_authors AS p
    INNER JOIN authors.publishers AS p0 ON p.publisher_id = p0.id
) AS t ON a.id = t.author_id
ORDER BY a.id, b.id, t.author_id, t.publisher_id, t.id
