2022-01-26 11:33:09.5238|DEBUG|Demo.Program|Инициализация программы
2022-01-26 11:33:12.4263|WARN|Microsoft.EntityFrameworkCore.Model.Validation|Sensitive data logging is enabled. Log entries and exception messages may include sensitive application data; this mode should only be enabled during development.
2022-01-26 11:33:12.7686|INFO|Microsoft.EntityFrameworkCore.Database.Command|Executed DbCommand (15ms) [Parameters=[], CommandType='Text', CommandTimeout='30']
SELECT EXISTS (SELECT 1 FROM pg_catalog.pg_class c JOIN pg_catalog.pg_namespace n ON n.oid=c.relnamespace WHERE c.relname='__EFMigrationsHistory');
2022-01-26 11:33:12.8509|INFO|Microsoft.EntityFrameworkCore.Database.Command|Executed DbCommand (1ms) [Parameters=[], CommandType='Text', CommandTimeout='30']
SELECT EXISTS (SELECT 1 FROM pg_catalog.pg_class c JOIN pg_catalog.pg_namespace n ON n.oid=c.relnamespace WHERE c.relname='__EFMigrationsHistory');
2022-01-26 11:33:12.8719|INFO|Microsoft.EntityFrameworkCore.Database.Command|Executed DbCommand (2ms) [Parameters=[], CommandType='Text', CommandTimeout='30']
SELECT migration_id, product_version
FROM "__EFMigrationsHistory"
ORDER BY migration_id;
2022-01-26 11:33:12.9458|INFO|Microsoft.EntityFrameworkCore.Database.Command|Executed DbCommand (3ms) [Parameters=[], CommandType='Text', CommandTimeout='30']
update authors.books set title = '111' where id=3
2022-01-26 11:33:12.9458|INFO|Microsoft.EntityFrameworkCore.Database.Command|Executed DbCommand (0ms) [Parameters=[], CommandType='Text', CommandTimeout='30']
update authors.books set title = '111' where id=4
2022-01-26 11:33:12.9534|INFO|Microsoft.EntityFrameworkCore.Database.Command|Executed DbCommand (0ms) [Parameters=[], CommandType='Text', CommandTimeout='30']
INSERT INTO "__EFMigrationsHistory" (migration_id, product_version)
VALUES ('20220126082923_update2', '5.0.11');
2022-01-26 11:33:13.4356|INFO|Microsoft.Hosting.Lifetime|Now listening on: https://localhost:5005
2022-01-26 11:33:13.4394|INFO|Microsoft.Hosting.Lifetime|Now listening on: http://localhost:5004
2022-01-26 11:33:13.4394|INFO|Microsoft.Hosting.Lifetime|Application started. Press Ctrl+C to shut down.
2022-01-26 11:33:13.4761|INFO|Microsoft.Hosting.Lifetime|Hosting environment: Development
2022-01-26 11:33:13.4761|INFO|Microsoft.Hosting.Lifetime|Content root path: C:\Project\DEMO
